<?xml version="1.0" encoding="UTF-8" ?>
<testsuite failures="0" time="0.005" errors="0" skipped="0" tests="1" name="org.search.core.AppTest">
  <properties>
    <property name="java.runtime.name" value="Java(TM) SE Runtime Environment"/>
    <property name="sun.boot.library.path" value="E:\devtools\java_jdk\jdk1.7.0_80\jre\bin"/>
    <property name="java.vm.version" value="24.80-b07"/>
    <property name="java.vm.vendor" value="Oracle Corporation"/>
    <property name="maven.multiModuleProjectDirectory" value="E:\workspace\javaproject\search"/>
    <property name="java.vendor.url" value="http://java.oracle.com/"/>
    <property name="path.separator" value=";"/>
    <property name="guice.disable.misplaced.annotation.check" value="true"/>
    <property name="java.vm.name" value="Java HotSpot(TM) 64-Bit Server VM"/>
    <property name="file.encoding.pkg" value="sun.io"/>
    <property name="user.script" value=""/>
    <property name="user.country" value="CN"/>
    <property name="sun.java.launcher" value="SUN_STANDARD"/>
    <property name="sun.os.patch.level" value=""/>
    <property name="java.vm.specification.name" value="Java Virtual Machine Specification"/>
    <property name="user.dir" value="E:\workspace\javaproject\search"/>
    <property name="java.runtime.version" value="1.7.0_80-ea-b05"/>
    <property name="java.awt.graphicsenv" value="sun.awt.Win32GraphicsEnvironment"/>
    <property name="java.endorsed.dirs" value="E:\devtools\java_jdk\jdk1.7.0_80\jre\lib\endorsed"/>
    <property name="os.arch" value="amd64"/>
    <property name="java.io.tmpdir" value="C:\Users\cxzpc\AppData\Local\Temp\"/>
    <property name="line.separator" value="
"/>
    <property name="java.vm.specification.vendor" value="Oracle Corporation"/>
    <property name="user.variant" value=""/>
    <property name="os.name" value="Windows 8.1"/>
    <property name="classworlds.conf" value="E:\devtools\eclipse-jee_64\workspace-help\.metadata\.plugins\org.eclipse.m2e.launching\launches\m2conf6108187388595283966.tmp"/>
    <property name="sun.jnu.encoding" value="GBK"/>
    <property name="java.library.path" value="E:\devtools\java_jdk\jdk1.7.0_80\bin;C:\Windows\Sun\Java\bin;C:\Windows\system32;C:\Windows;E:/devtools/eclipse-jee_64/jre/bin/server;E:/devtools/eclipse-jee_64/jre/bin;E:/devtools/eclipse-jee_64/jre/lib/amd64;C:\Windows\system32;C:\Windows;C:\Windows\System32\Wbem;C:\Windows\System32\WindowsPowerShell\v1.0\;E:\devtools\java_jdk\jdk1.7.0_80\bin;E:\devtools\java_jdk\jdk1.7.0_80\jre;C:\Program Files\TortoiseGit\bin;C:\Program Files\Git\bin;C:\Program Files\nodejs\;C:\Program Files\nodejs\node_global\;E:\opensource\maven\apache-maven-3.3.9\bin;E:\devtools\mongodb-win32-x86_64-3.2.5\bin\bin;C:\Python35\Python35-32\Scripts\;C:\Python35\Python35-32\;C:\Users\cxzpc\AppData\Roaming\npm;E:\devtools\eclipse-jee_64;;."/>
    <property name="java.specification.name" value="Java Platform API Specification"/>
    <property name="java.class.version" value="51.0"/>
    <property name="sun.management.compiler" value="HotSpot 64-Bit Tiered Compilers"/>
    <property name="os.version" value="6.3"/>
    <property name="user.home" value="C:\Users\cxzpc"/>
    <property name="user.timezone" value="Asia/Shanghai"/>
    <property name="java.awt.printerjob" value="sun.awt.windows.WPrinterJob"/>
    <property name="java.specification.version" value="1.7"/>
    <property name="file.encoding" value="UTF-8"/>
    <property name="user.name" value="cxzpc"/>
    <property name="java.class.path" value="E:\opensource\maven\apache-maven-3.3.9\boot\plexus-classworlds-2.5.2.jar"/>
    <property name="java.vm.specification.version" value="1.7"/>
    <property name="sun.arch.data.model" value="64"/>
    <property name="java.home" value="E:\devtools\java_jdk\jdk1.7.0_80\jre"/>
    <property name="sun.java.command" value="org.codehaus.plexus.classworlds.launcher.Launcher -B install"/>
    <property name="java.specification.vendor" value="Oracle Corporation"/>
    <property name="user.language" value="zh"/>
    <property name="awt.toolkit" value="sun.awt.windows.WToolkit"/>
    <property name="java.vm.info" value="mixed mode"/>
    <property name="java.version" value="1.7.0_80-ea"/>
    <property name="java.ext.dirs" value="E:\devtools\java_jdk\jdk1.7.0_80\jre\lib\ext;C:\Windows\Sun\Java\lib\ext"/>
    <property name="sun.boot.class.path" value="E:\devtools\java_jdk\jdk1.7.0_80\jre\lib\resources.jar;E:\devtools\java_jdk\jdk1.7.0_80\jre\lib\rt.jar;E:\devtools\java_jdk\jdk1.7.0_80\jre\lib\sunrsasign.jar;E:\devtools\java_jdk\jdk1.7.0_80\jre\lib\jsse.jar;E:\devtools\java_jdk\jdk1.7.0_80\jre\lib\jce.jar;E:\devtools\java_jdk\jdk1.7.0_80\jre\lib\charsets.jar;E:\devtools\java_jdk\jdk1.7.0_80\jre\lib\jfr.jar;E:\devtools\java_jdk\jdk1.7.0_80\jre\classes"/>
    <property name="java.vendor" value="Oracle Corporation"/>
    <property name="maven.home" value="E:\opensource\maven\apache-maven-3.3.9"/>
    <property name="file.separator" value="\"/>
    <property name="java.vendor.url.bug" value="http://bugreport.sun.com/bugreport/"/>
    <property name="sun.cpu.endian" value="little"/>
    <property name="sun.io.unicode.encoding" value="UnicodeLittle"/>
    <property name="sun.desktop" value="windows"/>
    <property name="sun.cpu.isalist" value="amd64"/>
  </properties>
  <testcase time="0.005" classname="org.search.core.AppTest" name="testApp"/>
</testsuite>